Base path: '/Applications/Unity/Hub/Editor/2019.3.13f1/Unity.app/Contents', plugins path '/Applications/Unity/Hub/Editor/2019.3.13f1/PlaybackEngines'
Cmd: initializeCompiler
Cmd: compileComputeKernel
  api=14 insize=66851 outsize=4002 ok=1
Cmd: compileComputeKernel
  api=14 insize=66851 outsize=13839 ok=1
Cmd: compileComputeKernel
  api=14 insize=66851 outsize=3766 ok=1
Cmd: compileComputeKernel
  api=14 insize=66851 outsize=3621 ok=1
Cmd: compileComputeKernel
  api=14 insize=66851 outsize=3593 ok=1
Cmd: compileComputeKernel
  api=14 insize=66851 outsize=4213 ok=1
Cmd: compileComputeKernel
  api=14 insize=66851 outsize=3539 ok=1
Cmd: compileComputeKernel
  api=14 insize=66851 outsize=3779 ok=1
Cmd: compileComputeKernel
  api=14 insize=66851 outsize=3742 ok=1
Cmd: compileComputeKernel
  api=14 insize=66851 outsize=3456 ok=1
Cmd: compileComputeKernel
  api=14 insize=66851 outsize=3419 ok=1
Cmd: compileComputeKernel
  api=14 insize=66851 outsize=3417 ok=1
Cmd: compileComputeKernel
  api=14 insize=66851 outsize=3501 ok=1
Cmd: compileComputeKernel
  api=14 insize=66851 outsize=3814 ok=1
Cmd: compileComputeKernel
  api=14 insize=66851 outsize=3515 ok=1
Cmd: compileComputeKernel
  api=14 insize=66851 outsize=3577 ok=1
Cmd: compileComputeKernel
  api=14 insize=66851 outsize=4093 ok=1
Cmd: compileComputeKernel
  api=14 insize=66851 outsize=3443 ok=1
Cmd: compileComputeKernel
  api=14 insize=66851 outsize=3416 ok=1
Cmd: compileComputeKernel
  api=14 insize=66851 outsize=3519 ok=1
Cmd: compileComputeKernel
  api=14 insize=66851 outsize=4051 ok=1
Cmd: compileComputeKernel
  api=14 insize=66851 outsize=4051 ok=1
Cmd: compileComputeKernel
  api=14 insize=66851 outsize=4491 ok=1
Cmd: compileComputeKernel
  api=14 insize=66851 outsize=4051 ok=1
Cmd: compileComputeKernel
  api=14 insize=66851 outsize=4083 ok=1
Cmd: compileComputeKernel
  api=14 insize=66851 outsize=4080 ok=1
Cmd: compileComputeKernel
  api=14 insize=66851 outsize=4081 ok=1
Cmd: compileComputeKernel
  api=14 insize=66851 outsize=4230 ok=1
Cmd: compileComputeKernel
  api=14 insize=66851 outsize=3458 ok=1
Cmd: compileComputeKernel
  api=14 insize=66851 outsize=3473 ok=1
Cmd: compileComputeKernel
  api=14 insize=66851 outsize=3526 ok=1
Cmd: compileComputeKernel
  api=14 insize=66851 outsize=4142 ok=1
Cmd: compileComputeKernel
  api=14 insize=66851 outsize=5500 ok=1
Cmd: compileComputeKernel
  api=14 insize=66851 outsize=3581 ok=1
Cmd: compileComputeKernel
  api=14 insize=66851 outsize=3994 ok=1
Cmd: compileComputeKernel
  api=14 insize=66851 outsize=4749 ok=1
Cmd: compileComputeKernel
  api=14 insize=66851 outsize=3514 ok=1
Cmd: translateComputeKernel
  api=14 insize=5725 outsize=7691 ok=1
Cmd: translateComputeKernel
  api=14 insize=5502 outsize=7030 ok=1
Cmd: translateComputeKernel
  api=14 insize=5802 outsize=8102 ok=1
Cmd: translateComputeKernel
  api=14 insize=4363 outsize=4525 ok=1
Cmd: translateComputeKernel
  api=14 insize=4363 outsize=4525 ok=1
Cmd: translateComputeKernel
  api=14 insize=5415 outsize=6331 ok=1
Cmd: translateComputeKernel
  api=14 insize=4447 outsize=4584 ok=1
Cmd: translateComputeKernel
  api=14 insize=5295 outsize=6142 ok=1
Cmd: translateComputeKernel
  api=14 insize=4273 outsize=4219 ok=1
Cmd: translateComputeKernel
  api=14 insize=4273 outsize=4229 ok=1
Cmd: translateComputeKernel
  api=14 insize=4245 outsize=4250 ok=1
Cmd: translateComputeKernel
  api=14 insize=4770 outsize=5611 ok=1
Cmd: translateComputeKernel
  api=14 insize=4148 outsize=4156 ok=1
Cmd: translateComputeKernel
  api=14 insize=4244 outsize=4336 ok=1
Cmd: translateComputeKernel
  api=14 insize=4548 outsize=4753 ok=1
Cmd: translateComputeKernel
  api=14 insize=6155 outsize=7936 ok=1
Cmd: translateComputeKernel
  api=14 insize=4098 outsize=3923 ok=1
Cmd: translateComputeKernel
  api=14 insize=4182 outsize=4052 ok=1
Cmd: translateComputeKernel
  api=14 insize=4495 outsize=4578 ok=1
Cmd: translateComputeKernel
  api=14 insize=4196 outsize=4038 ok=1
Cmd: translateComputeKernel
  api=14 insize=4228 outsize=4157 ok=1
Cmd: translateComputeKernel
  api=14 insize=4707 outsize=5180 ok=1
Cmd: translateComputeKernel
  api=14 insize=4124 outsize=3960 ok=1
Cmd: translateComputeKernel
  api=14 insize=4097 outsize=3921 ok=1
Cmd: translateComputeKernel
  api=14 insize=4141 outsize=3983 ok=1
Cmd: translateComputeKernel
  api=14 insize=4393 outsize=4829 ok=1
Cmd: translateComputeKernel
  api=14 insize=4702 outsize=5292 ok=1
Cmd: translateComputeKernel
  api=14 insize=5138 outsize=6084 ok=1
Cmd: translateComputeKernel
  api=14 insize=4698 outsize=5293 ok=1
Cmd: translateComputeKernel
  api=14 insize=4730 outsize=5335 ok=1
Cmd: translateComputeKernel
  api=14 insize=4727 outsize=5332 ok=1
Cmd: translateComputeKernel
  api=14 insize=4732 outsize=5338 ok=1
Cmd: translateComputeKernel
  api=14 insize=4877 outsize=5583 ok=1
Cmd: translateComputeKernel
  api=14 insize=4139 outsize=3970 ok=1
Cmd: translateComputeKernel
  api=14 insize=4114 outsize=3997 ok=1
Cmd: translateComputeKernel
  api=14 insize=4159 outsize=4131 ok=1
Cmd: translateComputeKernel
  api=14 insize=4881 outsize=5496 ok=1
Cmd: translateComputeKernel
  api=14 insize=4321 outsize=4319 ok=1
Cmd: translateComputeKernel
  api=14 insize=4234 outsize=4125 ok=1
Cmd: translateComputeKernel
  api=14 insize=4647 outsize=4791 ok=1
Cmd: translateComputeKernel
  api=14 insize=5384 outsize=6580 ok=1
Cmd: compileComputeKernel
  api=14 insize=33997 outsize=2244 ok=1
Cmd: compileComputeKernel
  api=14 insize=33997 outsize=2146 ok=1
Cmd: compileComputeKernel
  api=14 insize=33997 outsize=2242 ok=1
Cmd: compileComputeKernel
  api=14 insize=33997 outsize=2247 ok=1
Cmd: compileComputeKernel
  api=14 insize=33997 outsize=1223 ok=1
Cmd: compileComputeKernel
  api=14 insize=33997 outsize=2629 ok=1
Cmd: compileComputeKernel
  api=14 insize=33997 outsize=2231 ok=1
Cmd: compileComputeKernel
  api=14 insize=33997 outsize=2326 ok=1
Cmd: compileComputeKernel
  api=14 insize=33997 outsize=2327 ok=1
Cmd: compileComputeKernel
  api=14 insize=33997 outsize=2277 ok=1
Cmd: compileComputeKernel
  api=14 insize=33997 outsize=2268 ok=1
Cmd: compileComputeKernel
  api=14 insize=33997 outsize=1150 ok=1
Cmd: compileComputeKernel
  api=14 insize=33997 outsize=2326 ok=1
Cmd: compileComputeKernel
  api=14 insize=33997 outsize=2249 ok=1
Cmd: compileComputeKernel
  api=14 insize=33997 outsize=2641 ok=1
Cmd: compileComputeKernel
  api=14 insize=33997 outsize=2701 ok=1
Cmd: compileComputeKernel
  api=14 insize=33997 outsize=2730 ok=1
Cmd: compileComputeKernel
  api=14 insize=33997 outsize=3019 ok=1
Cmd: compileComputeKernel
  api=14 insize=33997 outsize=2992 ok=1
Cmd: compileComputeKernel
  api=14 insize=33997 outsize=2841 ok=1
Cmd: compileComputeKernel
  api=14 insize=33997 outsize=2835 ok=1
Cmd: compileComputeKernel
  api=14 insize=33997 outsize=2937 ok=1
Cmd: compileComputeKernel
  api=14 insize=33997 outsize=2831 ok=1
Cmd: compileComputeKernel
  api=14 insize=33997 outsize=2783 ok=1
Cmd: compileComputeKernel
  api=14 insize=33997 outsize=2783 ok=1
Cmd: compileComputeKernel
  api=14 insize=33997 outsize=2756 ok=1
Cmd: compileComputeKernel
  api=14 insize=33997 outsize=2841 ok=1
Cmd: compileComputeKernel
  api=14 insize=33997 outsize=3103 ok=1
Cmd: compileComputeKernel
  api=14 insize=33997 outsize=2859 ok=1
Cmd: translateComputeKernel
  api=14 insize=2344 outsize=2241 ok=1
Cmd: translateComputeKernel
  api=14 insize=2341 outsize=2245 ok=1
Cmd: translateComputeKernel
  api=14 insize=1404 outsize=1444 ok=1
Cmd: translateComputeKernel
  api=14 insize=2407 outsize=2377 ok=1
Cmd: translateComputeKernel
  api=14 insize=2378 outsize=2283 ok=1
Cmd: translateComputeKernel
  api=14 insize=2545 outsize=2508 ok=1
Cmd: translateComputeKernel
  api=14 insize=1875 outsize=2029 ok=1
Cmd: translateComputeKernel
  api=14 insize=2486 outsize=2488 ok=1
Cmd: translateComputeKernel
  api=14 insize=2492 outsize=2463 ok=1
Cmd: translateComputeKernel
  api=14 insize=2476 outsize=2490 ok=1
Cmd: translateComputeKernel
  api=14 insize=1458 outsize=1512 ok=1
Cmd: translateComputeKernel
  api=14 insize=1458 outsize=1514 ok=1
Cmd: translateComputeKernel
  api=14 insize=1403 outsize=1441 ok=1
Cmd: translateComputeKernel
  api=14 insize=2456 outsize=2438 ok=1
Cmd: translateComputeKernel
  api=14 insize=2385 outsize=2303 ok=1
Cmd: translateComputeKernel
  api=14 insize=2767 outsize=3071 ok=1
Cmd: translateComputeKernel
  api=14 insize=2862 outsize=3488 ok=1
Cmd: translateComputeKernel
  api=14 insize=2891 outsize=3522 ok=1
Cmd: translateComputeKernel
  api=14 insize=2805 outsize=3074 ok=1
Cmd: translateComputeKernel
  api=14 insize=3121 outsize=3659 ok=1
Cmd: translateComputeKernel
  api=14 insize=3153 outsize=3713 ok=1
Cmd: translateComputeKernel
  api=14 insize=3002 outsize=3499 ok=1
Cmd: translateComputeKernel
  api=14 insize=2996 outsize=3492 ok=1
Cmd: translateComputeKernel
  api=14 insize=3045 outsize=3728 ok=1
Cmd: translateComputeKernel
  api=14 insize=2962 outsize=3444 ok=1
Cmd: translateComputeKernel
  api=14 insize=2944 outsize=3407 ok=1
Cmd: translateComputeKernel
  api=14 insize=2944 outsize=3408 ok=1
Cmd: translateComputeKernel
  api=14 insize=2917 outsize=3368 ok=1
Cmd: translateComputeKernel
  api=14 insize=2972 outsize=3449 ok=1
Cmd: translateComputeKernel
  api=14 insize=3264 outsize=3956 ok=1
Cmd: translateComputeKernel
  api=14 insize=2961 outsize=3430 ok=1
Cmd: compileComputeKernel
  api=14 insize=74993 outsize=4223 ok=1
Cmd: compileComputeKernel
  api=14 insize=74993 outsize=13668 ok=1
Cmd: compileComputeKernel
  api=14 insize=74993 outsize=22389 ok=1
Cmd: compileComputeKernel
  api=14 insize=74993 outsize=32113 ok=1
Cmd: compileComputeKernel
  api=14 insize=74993 outsize=32910 ok=1
Cmd: translateComputeKernel
  api=14 insize=9346 outsize=18278 ok=1
Cmd: translateComputeKernel
  api=14 insize=27011 outsize=56946 ok=1
Cmd: translateComputeKernel
  api=14 insize=22604 outsize=47054 ok=1
Cmd: translateComputeKernel
  api=14 insize=25048 outsize=51743 ok=1
Cmd: translateComputeKernel
  api=14 insize=28428 outsize=54084 ok=1

Quitting shader compiler process
