Base path: '/Applications/Unity/Hub/Editor/2019.3.12f1/Unity.app/Contents', plugins path '/Applications/Unity/Hub/Editor/2019.3.12f1/Unity.app/Contents/PlaybackEngines'
Cmd: initializeCompiler
Cmd: initializeCompiler
Cmd: preprocessCompute
  insize=12037 outsize=12081 ok=1
Cmd: compileComputeKernel
  api=14 insize=12081 outsize=3286 ok=1
Cmd: compileComputeKernel
  api=14 insize=12081 outsize=2854 ok=1
Cmd: compileComputeKernel
  api=14 insize=12081 outsize=3656 ok=1
Cmd: compileComputeKernel
  api=14 insize=12081 outsize=3739 ok=1
Cmd: compileComputeKernel
  api=14 insize=12081 outsize=4103 ok=1
Cmd: compileComputeKernel
  api=14 insize=12081 outsize=2988 ok=1
Cmd: translateComputeKernel
  api=14 insize=3516 outsize=4140 ok=1
Cmd: translateComputeKernel
  api=14 insize=3049 outsize=3276 ok=1
Cmd: translateComputeKernel
  api=14 insize=3781 outsize=4481 ok=1
Cmd: translateComputeKernel
  api=14 insize=3829 outsize=4729 ok=1
Cmd: translateComputeKernel
  api=14 insize=4370 outsize=5658 ok=1
Cmd: translateComputeKernel
  api=14 insize=3256 outsize=3557 ok=1
Cmd: translateComputeKernel
  api=14 insize=3500 outsize=4434 ok=1
Cmd: preprocessCompute
  insize=12060 outsize=12124 ok=1
Cmd: compileComputeKernel
  api=14 insize=12124 outsize=3107 ok=1
Cmd: compileComputeKernel
  api=14 insize=12124 outsize=3103 ok=1
Cmd: compileComputeKernel
  api=14 insize=12124 outsize=3543 ok=1
Cmd: compileComputeKernel
  api=14 insize=12124 outsize=3258 ok=1
Cmd: compileComputeKernel
  api=14 insize=12124 outsize=3140 ok=1
Cmd: compileComputeKernel
  api=14 insize=12124 outsize=3132 ok=1
Cmd: compileComputeKernel
  api=14 insize=12124 outsize=3133 ok=1
Cmd: compileComputeKernel
  api=14 insize=12124 outsize=3282 ok=1
Cmd: translateComputeKernel
  api=14 insize=3173 outsize=4471 ok=1
Cmd: translateComputeKernel
  api=14 insize=3173 outsize=4471 ok=1
Cmd: translateComputeKernel
  api=14 insize=3613 outsize=5266 ok=1
Cmd: translateComputeKernel
  api=14 insize=3173 outsize=4475 ok=1
Cmd: translateComputeKernel
  api=14 insize=3258 outsize=4613 ok=1
Cmd: translateComputeKernel
  api=14 insize=3210 outsize=4523 ok=1
Cmd: translateComputeKernel
  api=14 insize=3207 outsize=4520 ok=1
Cmd: translateComputeKernel
  api=14 insize=3352 outsize=4765 ok=1
Cmd: translateComputeKernel
  api=14 insize=3352 outsize=4766 ok=1
Cmd: preprocessCompute
  insize=19739 outsize=19771 ok=1
Cmd: compileComputeKernel
  api=14 insize=19771 outsize=3781 ok=1
Cmd: compileComputeKernel
  api=14 insize=19771 outsize=4611 ok=1
Cmd: compileComputeKernel
  api=14 insize=19771 outsize=4704 ok=1
Cmd: compileComputeKernel
  api=14 insize=19771 outsize=7089 ok=1
Cmd: translateComputeKernel
  api=14 insize=3891 outsize=5346 ok=1
Cmd: translateComputeKernel
  api=14 insize=5017 outsize=8298 ok=1
Cmd: translateComputeKernel
  api=14 insize=4749 outsize=7944 ok=1
Cmd: translateComputeKernel
  api=14 insize=6919 outsize=12151 ok=1
Cmd: preprocessCompute
  insize=58930 outsize=59196 ok=1
Cmd: compileComputeKernel
  api=14 insize=59196 outsize=5238 ok=1
Cmd: compileComputeKernel
  api=14 insize=59196 outsize=4976 ok=1
Cmd: compileComputeKernel
  api=14 insize=59196 outsize=5276 ok=1
Cmd: compileComputeKernel
  api=14 insize=59196 outsize=3707 ok=1
Cmd: compileComputeKernel
  api=14 insize=59196 outsize=4607 ok=1
Cmd: compileComputeKernel
  api=14 insize=59196 outsize=3817 ok=1
Cmd: compileComputeKernel
  api=14 insize=59196 outsize=4209 ok=1
Cmd: compileComputeKernel
  api=14 insize=59196 outsize=3559 ok=1
Cmd: compileComputeKernel
  api=14 insize=59196 outsize=3929 ok=1
Cmd: compileComputeKernel
  api=14 insize=59196 outsize=3738 ok=1
Cmd: compileComputeKernel
  api=14 insize=59196 outsize=3452 ok=1
Cmd: compileComputeKernel
  api=14 insize=59196 outsize=3438 ok=1
Cmd: compileComputeKernel
  api=14 insize=59196 outsize=3759 ok=1
Cmd: compileComputeKernel
  api=14 insize=59196 outsize=3648 ok=1
Cmd: compileComputeKernel
  api=14 insize=59196 outsize=3511 ok=1
Cmd: compileComputeKernel
  api=14 insize=59196 outsize=3487 ok=1
Cmd: compileComputeKernel
  api=14 insize=59196 outsize=4089 ok=1
Cmd: compileComputeKernel
  api=14 insize=59196 outsize=3439 ok=1
Cmd: compileComputeKernel
  api=14 insize=59196 outsize=3905 ok=1
Cmd: compileComputeKernel
  api=14 insize=59196 outsize=3492 ok=1
Cmd: compileComputeKernel
  api=14 insize=59196 outsize=4047 ok=1
Cmd: compileComputeKernel
  api=14 insize=59196 outsize=4047 ok=1
Cmd: compileComputeKernel
  api=14 insize=59196 outsize=4487 ok=1
Cmd: compileComputeKernel
  api=14 insize=59196 outsize=4202 ok=1
Cmd: compileComputeKernel
  api=14 insize=59196 outsize=4079 ok=1
Cmd: compileComputeKernel
  api=14 insize=59196 outsize=4081 ok=1
Cmd: compileComputeKernel
  api=14 insize=59196 outsize=4225 ok=1
Cmd: compileComputeKernel
  api=14 insize=59196 outsize=4226 ok=1
Cmd: compileComputeKernel
  api=14 insize=59196 outsize=3429 ok=1
Cmd: compileComputeKernel
  api=14 insize=59196 outsize=3469 ok=1
Cmd: compileComputeKernel
  api=14 insize=59196 outsize=3470 ok=1
Cmd: compileComputeKernel
  api=14 insize=59196 outsize=5048 ok=1
Cmd: compileComputeKernel
  api=14 insize=59196 outsize=5496 ok=1
Cmd: compileComputeKernel
  api=14 insize=59196 outsize=3577 ok=1
Cmd: compileComputeKernel
  api=14 insize=59196 outsize=3990 ok=1
Cmd: compileComputeKernel
  api=14 insize=59196 outsize=4745 ok=1
Cmd: translateComputeKernel
  api=14 insize=5721 outsize=7691 ok=1
Cmd: translateComputeKernel
  api=14 insize=5498 outsize=7030 ok=1
Cmd: translateComputeKernel
  api=14 insize=5798 outsize=8122 ok=1
Cmd: translateComputeKernel
  api=14 insize=5411 outsize=6331 ok=1
Cmd: translateComputeKernel
  api=14 insize=4439 outsize=4545 ok=1
Cmd: translateComputeKernel
  api=14 insize=4766 outsize=5611 ok=1
Cmd: translateComputeKernel
  api=14 insize=4750 outsize=5471 ok=1
Cmd: translateComputeKernel
  api=14 insize=4144 outsize=4156 ok=1
Cmd: translateComputeKernel
  api=14 insize=4240 outsize=4336 ok=1
Cmd: translateComputeKernel
  api=14 insize=4476 outsize=4827 ok=1
Cmd: translateComputeKernel
  api=14 insize=6187 outsize=8033 ok=1
Cmd: translateComputeKernel
  api=14 insize=4119 outsize=3934 ok=1
Cmd: translateComputeKernel
  api=14 insize=4440 outsize=4509 ok=1
Cmd: translateComputeKernel
  api=14 insize=4192 outsize=4038 ok=1
Cmd: translateComputeKernel
  api=14 insize=4130 outsize=3963 ok=1
Cmd: translateComputeKernel
  api=14 insize=4138 outsize=3997 ok=1
Cmd: translateComputeKernel
  api=14 insize=4297 outsize=4212 ok=1
Cmd: translateComputeKernel
  api=14 insize=4120 outsize=3961 ok=1
Cmd: translateComputeKernel
  api=14 insize=4137 outsize=3983 ok=1
Cmd: translateComputeKernel
  api=14 insize=4137 outsize=3983 ok=1
Cmd: translateComputeKernel
  api=14 insize=4698 outsize=5292 ok=1
Cmd: translateComputeKernel
  api=14 insize=4694 outsize=5289 ok=1
Cmd: translateComputeKernel
  api=14 insize=5134 outsize=6084 ok=1
Cmd: translateComputeKernel
  api=14 insize=4779 outsize=5431 ok=1
Cmd: translateComputeKernel
  api=14 insize=4731 outsize=5341 ok=1
Cmd: translateComputeKernel
  api=14 insize=4872 outsize=5583 ok=1
Cmd: translateComputeKernel
  api=14 insize=4135 outsize=3970 ok=1
Cmd: translateComputeKernel
  api=14 insize=4150 outsize=4069 ok=1
Cmd: translateComputeKernel
  api=14 insize=4725 outsize=5149 ok=1
Cmd: translateComputeKernel
  api=14 insize=6528 outsize=8757 ok=1
Cmd: translateComputeKernel
  api=14 insize=4230 outsize=4125 ok=1
Cmd: translateComputeKernel
  api=14 insize=4177 outsize=4023 ok=1
Cmd: preprocessCompute
  insize=73577 outsize=73605 ok=1
Cmd: compileComputeKernel
  api=14 insize=73605 outsize=13973 ok=1
Cmd: compileComputeKernel
  api=14 insize=73605 outsize=9645 ok=1
Cmd: translateComputeKernel
  api=14 insize=14006 outsize=26941 ok=1
Cmd: translateComputeKernel
  api=14 insize=9225 outsize=18335 ok=1
Cmd: translateComputeKernel
  api=14 insize=6805 outsize=11385 ok=1
Cmd: translateComputeKernel
  api=14 insize=5044 outsize=8071 ok=1
Cmd: translateComputeKernel
  api=14 insize=8160 outsize=14044 ok=1
Cmd: preprocessCompute
  insize=33321 outsize=33531 ok=1
Cmd: compileComputeKernel
  api=14 insize=33531 outsize=1157 ok=1
Cmd: compileComputeKernel
  api=14 insize=33531 outsize=2247 ok=1
Cmd: compileComputeKernel
  api=14 insize=33531 outsize=2183 ok=1
Cmd: compileComputeKernel
  api=14 insize=33531 outsize=2641 ok=1
Cmd: compileComputeKernel
  api=14 insize=33531 outsize=1622 ok=1
Cmd: compileComputeKernel
  api=14 insize=33531 outsize=2326 ok=1
Cmd: compileComputeKernel
  api=14 insize=33531 outsize=2327 ok=1
Cmd: compileComputeKernel
  api=14 insize=33531 outsize=2277 ok=1
Cmd: compileComputeKernel
  api=14 insize=33531 outsize=2268 ok=1
Cmd: compileComputeKernel
  api=14 insize=33531 outsize=2146 ok=1
Cmd: compileComputeKernel
  api=14 insize=33531 outsize=2326 ok=1
Cmd: compileComputeKernel
  api=14 insize=33531 outsize=2283 ok=1
Cmd: compileComputeKernel
  api=14 insize=33531 outsize=2741 ok=1
Cmd: compileComputeKernel
  api=14 insize=33531 outsize=2770 ok=1
Cmd: compileComputeKernel
  api=14 insize=33531 outsize=3433 ok=1
Cmd: compileComputeKernel
  api=14 insize=33531 outsize=2996 ok=1
Cmd: compileComputeKernel
  api=14 insize=33531 outsize=2992 ok=1
Cmd: compileComputeKernel
  api=14 insize=33531 outsize=2818 ok=1
Cmd: compileComputeKernel
  api=14 insize=33531 outsize=2832 ok=1
Cmd: compileComputeKernel
  api=14 insize=33531 outsize=2937 ok=1
Cmd: compileComputeKernel
  api=14 insize=33531 outsize=2808 ok=1
Cmd: compileComputeKernel
  api=14 insize=33531 outsize=2760 ok=1
Cmd: compileComputeKernel
  api=14 insize=33531 outsize=2760 ok=1
Cmd: compileComputeKernel
  api=14 insize=33531 outsize=2733 ok=1
Cmd: compileComputeKernel
  api=14 insize=33531 outsize=2778 ok=1
Cmd: compileComputeKernel
  api=14 insize=33531 outsize=3090 ok=1
Cmd: compileComputeKernel
  api=14 insize=33531 outsize=2796 ok=1
Cmd: translateComputeKernel
  api=14 insize=2344 outsize=2241 ok=1
Cmd: translateComputeKernel
  api=14 insize=2605 outsize=2648 ok=1
Cmd: translateComputeKernel
  api=14 insize=1598 outsize=1648 ok=1
Cmd: translateComputeKernel
  api=14 insize=2476 outsize=2490 ok=1
Cmd: translateComputeKernel
  api=14 insize=2428 outsize=2397 ok=1
Cmd: translateComputeKernel
  api=14 insize=2445 outsize=2419 ok=1
Cmd: translateComputeKernel
  api=14 insize=2862 outsize=3488 ok=1
Cmd: translateComputeKernel
  api=14 insize=2805 outsize=3074 ok=1
Cmd: translateComputeKernel
  api=14 insize=3058 outsize=3747 ok=1
Cmd: translateComputeKernel
  api=14 insize=3002 outsize=3499 ok=1
Cmd: translateComputeKernel
  api=14 insize=2993 outsize=3615 ok=1
Cmd: translateComputeKernel
  api=14 insize=3005 outsize=3702 ok=1
Cmd: translateComputeKernel
  api=14 insize=2944 outsize=3408 ok=1
Cmd: translateComputeKernel
  api=14 insize=2854 outsize=3484 ok=1
Cmd: translateComputeKernel
  api=14 insize=3251 outsize=3962 ok=1
Cmd: preprocessCompute
  insize=75133 outsize=75191 ok=1
Cmd: compileComputeKernel
  api=14 insize=75191 outsize=4223 ok=1
Cmd: compileComputeKernel
  api=14 insize=75191 outsize=13668 ok=1
Cmd: compileComputeKernel
  api=14 insize=75191 outsize=22389 ok=1
Cmd: compileComputeKernel
  api=14 insize=75191 outsize=32113 ok=1
Cmd: compileComputeKernel
  api=14 insize=75191 outsize=32910 ok=1
Cmd: translateComputeKernel
  api=14 insize=4257 outsize=6625 ok=1
Cmd: translateComputeKernel
  api=14 insize=15854 outsize=32259 ok=1
Cmd: translateComputeKernel
  api=14 insize=32147 outsize=63204 ok=1
Cmd: translateComputeKernel
  api=14 insize=5858 outsize=9983 ok=1
Cmd: translateComputeKernel
  api=14 insize=5858 outsize=10009 ok=1
Cmd: translateComputeKernel
  api=14 insize=4542 outsize=7288 ok=1
Cmd: translateComputeKernel
  api=14 insize=4542 outsize=7285 ok=1
Cmd: translateComputeKernel
  api=14 insize=5183 outsize=9301 ok=1
Cmd: translateComputeKernel
  api=14 insize=5183 outsize=9288 ok=1
Cmd: translateComputeKernel
  api=14 insize=3078 outsize=3738 ok=1
Cmd: translateComputeKernel
  api=14 insize=3538 outsize=4805 ok=1
Cmd: translateComputeKernel
  api=14 insize=3474 outsize=4671 ok=1
Cmd: translateComputeKernel
  api=14 insize=6831 outsize=10749 ok=1
Cmd: translateComputeKernel
  api=14 insize=14277 outsize=27537 ok=1
Cmd: preprocessCompute
  insize=4418 outsize=4434 ok=1
Cmd: compileComputeKernel
  api=14 insize=4434 outsize=2858 ok=1
Cmd: compileComputeKernel
  api=14 insize=4434 outsize=2948 ok=1
Cmd: translateComputeKernel
  api=14 insize=2858 outsize=3602 ok=1
Cmd: translateComputeKernel
  api=14 insize=3006 outsize=4098 ok=1
Cmd: preprocessCompute
  insize=1894 outsize=1898 ok=1
Cmd: translateComputeKernel
  api=14 insize=4426 outsize=8090 ok=1
Cmd: preprocess
  insize=7605 outsize=2406 ok=1
Cmd: compileSnippet
  api=15 type=0 insize=5641 outsize=6529 kw= pd=UNITY_ENABLE_REFLECTION_BUFFERS UNITY_USE_DITHER_MASK_FOR_ALPHABLENDED_SHADOWS UNITY_PBS_USE_BRDF1 UNITY_SPECCUBE_BOX_PROJECTION UNITY_SPECCUBE_BLENDING UNITY_ENABLE_DETAIL_NORMALMAP SHADER_API_DESKTOP UNITY_COLORSPACE_GAMMA UNITY_LIGHT_PROBE_PROXY_VOLUME UNITY_LIGHTMAP_FULL_HDR ok=1
Cmd: compileSnippet
  api=15 type=1 insize=5641 outsize=0 kw= pd=UNITY_ENABLE_REFLECTION_BUFFERS UNITY_USE_DITHER_MASK_FOR_ALPHABLENDED_SHADOWS UNITY_PBS_USE_BRDF1 UNITY_SPECCUBE_BOX_PROJECTION UNITY_SPECCUBE_BLENDING UNITY_ENABLE_DETAIL_NORMALMAP SHADER_API_DESKTOP UNITY_COLORSPACE_GAMMA UNITY_LIGHT_PROBE_PROXY_VOLUME UNITY_LIGHTMAP_FULL_HDR ok=1
Cmd: preprocess
  insize=3466 outsize=1210 ok=1
Cmd: compileSnippet
  api=15 type=0 insize=2699 outsize=4100 kw= pd=UNITY_ENABLE_REFLECTION_BUFFERS UNITY_USE_DITHER_MASK_FOR_ALPHABLENDED_SHADOWS UNITY_PBS_USE_BRDF1 UNITY_SPECCUBE_BOX_PROJECTION UNITY_SPECCUBE_BLENDING UNITY_ENABLE_DETAIL_NORMALMAP SHADER_API_DESKTOP UNITY_COLORSPACE_GAMMA UNITY_LIGHT_PROBE_PROXY_VOLUME UNITY_LIGHTMAP_FULL_HDR ok=1
Cmd: compileSnippet
  api=15 type=1 insize=2699 outsize=0 kw= pd=UNITY_ENABLE_REFLECTION_BUFFERS UNITY_USE_DITHER_MASK_FOR_ALPHABLENDED_SHADOWS UNITY_PBS_USE_BRDF1 UNITY_SPECCUBE_BOX_PROJECTION UNITY_SPECCUBE_BLENDING UNITY_ENABLE_DETAIL_NORMALMAP SHADER_API_DESKTOP UNITY_COLORSPACE_GAMMA UNITY_LIGHT_PROBE_PROXY_VOLUME UNITY_LIGHTMAP_FULL_HDR ok=1
Cmd: preprocess
  insize=3478 outsize=2592 ok=1
Cmd: compileSnippet
  api=15 type=0 insize=42791 outsize=14815 kw=UNITY_PASS_FORWARDBASE DIRECTIONAL pd=UNITY_ENABLE_REFLECTION_BUFFERS UNITY_USE_DITHER_MASK_FOR_ALPHABLENDED_SHADOWS UNITY_PBS_USE_BRDF1 UNITY_SPECCUBE_BOX_PROJECTION UNITY_SPECCUBE_BLENDING UNITY_ENABLE_DETAIL_NORMALMAP SHADER_API_DESKTOP UNITY_COLORSPACE_GAMMA UNITY_LIGHT_PROBE_PROXY_VOLUME UNITY_LIGHTMAP_FULL_HDR ok=1
Cmd: compileSnippet
  api=15 type=1 insize=42791 outsize=0 kw=UNITY_PASS_FORWARDBASE DIRECTIONAL pd=UNITY_ENABLE_REFLECTION_BUFFERS UNITY_USE_DITHER_MASK_FOR_ALPHABLENDED_SHADOWS UNITY_PBS_USE_BRDF1 UNITY_SPECCUBE_BOX_PROJECTION UNITY_SPECCUBE_BLENDING UNITY_ENABLE_DETAIL_NORMALMAP SHADER_API_DESKTOP UNITY_COLORSPACE_GAMMA UNITY_LIGHT_PROBE_PROXY_VOLUME UNITY_LIGHTMAP_FULL_HDR ok=1
Cmd: compileSnippet
  api=15 type=0 insize=1255 outsize=3103 kw=UNITY_PASS_SHADOWCASTER SHADOWS_DEPTH pd=UNITY_ENABLE_REFLECTION_BUFFERS UNITY_USE_DITHER_MASK_FOR_ALPHABLENDED_SHADOWS UNITY_PBS_USE_BRDF1 UNITY_SPECCUBE_BOX_PROJECTION UNITY_SPECCUBE_BLENDING UNITY_ENABLE_DETAIL_NORMALMAP SHADER_API_DESKTOP UNITY_COLORSPACE_GAMMA UNITY_LIGHT_PROBE_PROXY_VOLUME UNITY_LIGHTMAP_FULL_HDR ok=1
Cmd: compileSnippet
  api=15 type=1 insize=1255 outsize=0 kw=UNITY_PASS_SHADOWCASTER SHADOWS_DEPTH pd=UNITY_ENABLE_REFLECTION_BUFFERS UNITY_USE_DITHER_MASK_FOR_ALPHABLENDED_SHADOWS UNITY_PBS_USE_BRDF1 UNITY_SPECCUBE_BOX_PROJECTION UNITY_SPECCUBE_BLENDING UNITY_ENABLE_DETAIL_NORMALMAP SHADER_API_DESKTOP UNITY_COLORSPACE_GAMMA UNITY_LIGHT_PROBE_PROXY_VOLUME UNITY_LIGHTMAP_FULL_HDR ok=1
Cmd: preprocess
  insize=4297 outsize=3592 ok=1
Cmd: compileSnippet
  api=15 type=0 insize=43440 outsize=20099 kw=UNITY_PASS_FORWARDBASE DIRECTIONAL pd=UNITY_ENABLE_REFLECTION_BUFFERS UNITY_USE_DITHER_MASK_FOR_ALPHABLENDED_SHADOWS UNITY_PBS_USE_BRDF1 UNITY_SPECCUBE_BOX_PROJECTION UNITY_SPECCUBE_BLENDING UNITY_ENABLE_DETAIL_NORMALMAP SHADER_API_DESKTOP UNITY_COLORSPACE_GAMMA UNITY_LIGHT_PROBE_PROXY_VOLUME UNITY_LIGHTMAP_FULL_HDR ok=1
Cmd: compileSnippet
  api=15 type=1 insize=43440 outsize=0 kw=UNITY_PASS_FORWARDBASE DIRECTIONAL pd=UNITY_ENABLE_REFLECTION_BUFFERS UNITY_USE_DITHER_MASK_FOR_ALPHABLENDED_SHADOWS UNITY_PBS_USE_BRDF1 UNITY_SPECCUBE_BOX_PROJECTION UNITY_SPECCUBE_BLENDING UNITY_ENABLE_DETAIL_NORMALMAP SHADER_API_DESKTOP UNITY_COLORSPACE_GAMMA UNITY_LIGHT_PROBE_PROXY_VOLUME UNITY_LIGHTMAP_FULL_HDR ok=1
Cmd: compileSnippet
  api=15 type=0 insize=13370 outsize=17602 kw=UNITY_PASS_FORWARDADD POINT pd=UNITY_ENABLE_REFLECTION_BUFFERS UNITY_USE_DITHER_MASK_FOR_ALPHABLENDED_SHADOWS UNITY_PBS_USE_BRDF1 UNITY_SPECCUBE_BOX_PROJECTION UNITY_SPECCUBE_BLENDING UNITY_ENABLE_DETAIL_NORMALMAP SHADER_API_DESKTOP UNITY_COLORSPACE_GAMMA UNITY_LIGHT_PROBE_PROXY_VOLUME UNITY_LIGHTMAP_FULL_HDR ok=1
Cmd: compileSnippet
  api=15 type=1 insize=13370 outsize=0 kw=UNITY_PASS_FORWARDADD POINT pd=UNITY_ENABLE_REFLECTION_BUFFERS UNITY_USE_DITHER_MASK_FOR_ALPHABLENDED_SHADOWS UNITY_PBS_USE_BRDF1 UNITY_SPECCUBE_BOX_PROJECTION UNITY_SPECCUBE_BLENDING UNITY_ENABLE_DETAIL_NORMALMAP SHADER_API_DESKTOP UNITY_COLORSPACE_GAMMA UNITY_LIGHT_PROBE_PROXY_VOLUME UNITY_LIGHTMAP_FULL_HDR ok=1
Cmd: compileSnippet
  api=15 type=0 insize=1243 outsize=3103 kw=UNITY_PASS_SHADOWCASTER SHADOWS_DEPTH pd=UNITY_ENABLE_REFLECTION_BUFFERS UNITY_USE_DITHER_MASK_FOR_ALPHABLENDED_SHADOWS UNITY_PBS_USE_BRDF1 UNITY_SPECCUBE_BOX_PROJECTION UNITY_SPECCUBE_BLENDING UNITY_ENABLE_DETAIL_NORMALMAP SHADER_API_DESKTOP UNITY_COLORSPACE_GAMMA UNITY_LIGHT_PROBE_PROXY_VOLUME UNITY_LIGHTMAP_FULL_HDR ok=1
Cmd: compileSnippet
  api=15 type=1 insize=1243 outsize=0 kw=UNITY_PASS_SHADOWCASTER SHADOWS_DEPTH pd=UNITY_ENABLE_REFLECTION_BUFFERS UNITY_USE_DITHER_MASK_FOR_ALPHABLENDED_SHADOWS UNITY_PBS_USE_BRDF1 UNITY_SPECCUBE_BOX_PROJECTION UNITY_SPECCUBE_BLENDING UNITY_ENABLE_DETAIL_NORMALMAP SHADER_API_DESKTOP UNITY_COLORSPACE_GAMMA UNITY_LIGHT_PROBE_PROXY_VOLUME UNITY_LIGHTMAP_FULL_HDR ok=1
Cmd: preprocess
  insize=3464 outsize=1257 ok=1
Cmd: compileSnippet
  api=15 type=0 insize=2650 outsize=4117 kw= pd=UNITY_ENABLE_REFLECTION_BUFFERS UNITY_USE_DITHER_MASK_FOR_ALPHABLENDED_SHADOWS UNITY_PBS_USE_BRDF1 UNITY_SPECCUBE_BOX_PROJECTION UNITY_SPECCUBE_BLENDING UNITY_ENABLE_DETAIL_NORMALMAP SHADER_API_DESKTOP UNITY_COLORSPACE_GAMMA UNITY_LIGHT_PROBE_PROXY_VOLUME UNITY_LIGHTMAP_FULL_HDR ok=1
Cmd: compileSnippet
  api=15 type=1 insize=2650 outsize=0 kw= pd=UNITY_ENABLE_REFLECTION_BUFFERS UNITY_USE_DITHER_MASK_FOR_ALPHABLENDED_SHADOWS UNITY_PBS_USE_BRDF1 UNITY_SPECCUBE_BOX_PROJECTION UNITY_SPECCUBE_BLENDING UNITY_ENABLE_DETAIL_NORMALMAP SHADER_API_DESKTOP UNITY_COLORSPACE_GAMMA UNITY_LIGHT_PROBE_PROXY_VOLUME UNITY_LIGHTMAP_FULL_HDR ok=1
Cmd: preprocess
  insize=10559 outsize=3882 ok=1
Cmd: compileSnippet
  api=15 type=0 insize=7122 outsize=8670 kw= pd=UNITY_ENABLE_REFLECTION_BUFFERS UNITY_USE_DITHER_MASK_FOR_ALPHABLENDED_SHADOWS UNITY_PBS_USE_BRDF1 UNITY_SPECCUBE_BOX_PROJECTION UNITY_SPECCUBE_BLENDING UNITY_ENABLE_DETAIL_NORMALMAP SHADER_API_DESKTOP UNITY_COLORSPACE_GAMMA UNITY_LIGHT_PROBE_PROXY_VOLUME UNITY_LIGHTMAP_FULL_HDR ok=1
Cmd: compileSnippet
  api=15 type=1 insize=7122 outsize=0 kw= pd=UNITY_ENABLE_REFLECTION_BUFFERS UNITY_USE_DITHER_MASK_FOR_ALPHABLENDED_SHADOWS UNITY_PBS_USE_BRDF1 UNITY_SPECCUBE_BOX_PROJECTION UNITY_SPECCUBE_BLENDING UNITY_ENABLE_DETAIL_NORMALMAP SHADER_API_DESKTOP UNITY_COLORSPACE_GAMMA UNITY_LIGHT_PROBE_PROXY_VOLUME UNITY_LIGHTMAP_FULL_HDR ok=1
Cmd: preprocess
  insize=7773 outsize=2674 ok=1
Cmd: compileSnippet
  api=15 type=0 insize=5542 outsize=7475 kw= pd=UNITY_ENABLE_REFLECTION_BUFFERS UNITY_USE_DITHER_MASK_FOR_ALPHABLENDED_SHADOWS UNITY_PBS_USE_BRDF1 UNITY_SPECCUBE_BOX_PROJECTION UNITY_SPECCUBE_BLENDING UNITY_ENABLE_DETAIL_NORMALMAP SHADER_API_DESKTOP UNITY_COLORSPACE_GAMMA UNITY_LIGHT_PROBE_PROXY_VOLUME UNITY_LIGHTMAP_FULL_HDR ok=1
Cmd: compileSnippet
  api=15 type=1 insize=5542 outsize=0 kw= pd=UNITY_ENABLE_REFLECTION_BUFFERS UNITY_USE_DITHER_MASK_FOR_ALPHABLENDED_SHADOWS UNITY_PBS_USE_BRDF1 UNITY_SPECCUBE_BOX_PROJECTION UNITY_SPECCUBE_BLENDING UNITY_ENABLE_DETAIL_NORMALMAP SHADER_API_DESKTOP UNITY_COLORSPACE_GAMMA UNITY_LIGHT_PROBE_PROXY_VOLUME UNITY_LIGHTMAP_FULL_HDR ok=1
Cmd: preprocess
  insize=10548 outsize=3873 ok=1
Cmd: compileSnippet
  api=15 type=0 insize=7120 outsize=8670 kw= pd=UNITY_ENABLE_REFLECTION_BUFFERS UNITY_USE_DITHER_MASK_FOR_ALPHABLENDED_SHADOWS UNITY_PBS_USE_BRDF1 UNITY_SPECCUBE_BOX_PROJECTION UNITY_SPECCUBE_BLENDING UNITY_ENABLE_DETAIL_NORMALMAP SHADER_API_DESKTOP UNITY_COLORSPACE_GAMMA UNITY_LIGHT_PROBE_PROXY_VOLUME UNITY_LIGHTMAP_FULL_HDR ok=1
Cmd: compileSnippet
  api=15 type=1 insize=7120 outsize=0 kw= pd=UNITY_ENABLE_REFLECTION_BUFFERS UNITY_USE_DITHER_MASK_FOR_ALPHABLENDED_SHADOWS UNITY_PBS_USE_BRDF1 UNITY_SPECCUBE_BOX_PROJECTION UNITY_SPECCUBE_BLENDING UNITY_ENABLE_DETAIL_NORMALMAP SHADER_API_DESKTOP UNITY_COLORSPACE_GAMMA UNITY_LIGHT_PROBE_PROXY_VOLUME UNITY_LIGHTMAP_FULL_HDR ok=1
Cmd: preprocess
  insize=3508 outsize=1607 ok=1
Cmd: compileSnippet
  api=15 type=0 insize=2344 outsize=3460 kw= pd=UNITY_ENABLE_REFLECTION_BUFFERS UNITY_USE_DITHER_MASK_FOR_ALPHABLENDED_SHADOWS UNITY_PBS_USE_BRDF1 UNITY_SPECCUBE_BOX_PROJECTION UNITY_SPECCUBE_BLENDING UNITY_ENABLE_DETAIL_NORMALMAP SHADER_API_DESKTOP UNITY_COLORSPACE_GAMMA UNITY_LIGHT_PROBE_PROXY_VOLUME UNITY_LIGHTMAP_FULL_HDR ok=1
Cmd: compileSnippet
  api=15 type=1 insize=2344 outsize=0 kw= pd=UNITY_ENABLE_REFLECTION_BUFFERS UNITY_USE_DITHER_MASK_FOR_ALPHABLENDED_SHADOWS UNITY_PBS_USE_BRDF1 UNITY_SPECCUBE_BOX_PROJECTION UNITY_SPECCUBE_BLENDING UNITY_ENABLE_DETAIL_NORMALMAP SHADER_API_DESKTOP UNITY_COLORSPACE_GAMMA UNITY_LIGHT_PROBE_PROXY_VOLUME UNITY_LIGHTMAP_FULL_HDR ok=1
Cmd: compileSnippet
  api=15 type=0 insize=1149 outsize=2498 kw= pd=UNITY_ENABLE_REFLECTION_BUFFERS UNITY_USE_DITHER_MASK_FOR_ALPHABLENDED_SHADOWS UNITY_PBS_USE_BRDF1 UNITY_SPECCUBE_BOX_PROJECTION UNITY_SPECCUBE_BLENDING UNITY_ENABLE_DETAIL_NORMALMAP SHADER_API_DESKTOP UNITY_COLORSPACE_GAMMA UNITY_LIGHT_PROBE_PROXY_VOLUME UNITY_LIGHTMAP_FULL_HDR ok=1
Cmd: compileSnippet
  api=15 type=1 insize=1149 outsize=0 kw= pd=UNITY_ENABLE_REFLECTION_BUFFERS UNITY_USE_DITHER_MASK_FOR_ALPHABLENDED_SHADOWS UNITY_PBS_USE_BRDF1 UNITY_SPECCUBE_BOX_PROJECTION UNITY_SPECCUBE_BLENDING UNITY_ENABLE_DETAIL_NORMALMAP SHADER_API_DESKTOP UNITY_COLORSPACE_GAMMA UNITY_LIGHT_PROBE_PROXY_VOLUME UNITY_LIGHTMAP_FULL_HDR ok=1
Cmd: preprocess
  insize=7631 outsize=2417 ok=1
Cmd: compileSnippet
  api=15 type=0 insize=5657 outsize=6529 kw= pd=UNITY_ENABLE_REFLECTION_BUFFERS UNITY_USE_DITHER_MASK_FOR_ALPHABLENDED_SHADOWS UNITY_PBS_USE_BRDF1 UNITY_SPECCUBE_BOX_PROJECTION UNITY_SPECCUBE_BLENDING UNITY_ENABLE_DETAIL_NORMALMAP SHADER_API_DESKTOP UNITY_COLORSPACE_GAMMA UNITY_LIGHT_PROBE_PROXY_VOLUME UNITY_LIGHTMAP_FULL_HDR ok=1
Cmd: compileSnippet
  api=15 type=1 insize=5657 outsize=0 kw= pd=UNITY_ENABLE_REFLECTION_BUFFERS UNITY_USE_DITHER_MASK_FOR_ALPHABLENDED_SHADOWS UNITY_PBS_USE_BRDF1 UNITY_SPECCUBE_BOX_PROJECTION UNITY_SPECCUBE_BLENDING UNITY_ENABLE_DETAIL_NORMALMAP SHADER_API_DESKTOP UNITY_COLORSPACE_GAMMA UNITY_LIGHT_PROBE_PROXY_VOLUME UNITY_LIGHTMAP_FULL_HDR ok=1
Cmd: preprocess
  insize=2307 outsize=1077 ok=1
Cmd: compileSnippet
  api=15 type=0 insize=1673 outsize=2496 kw= pd=UNITY_ENABLE_REFLECTION_BUFFERS UNITY_USE_DITHER_MASK_FOR_ALPHABLENDED_SHADOWS UNITY_PBS_USE_BRDF1 UNITY_SPECCUBE_BOX_PROJECTION UNITY_SPECCUBE_BLENDING UNITY_ENABLE_DETAIL_NORMALMAP SHADER_API_DESKTOP UNITY_COLORSPACE_GAMMA UNITY_LIGHT_PROBE_PROXY_VOLUME UNITY_LIGHTMAP_FULL_HDR ok=1
Cmd: compileSnippet
  api=15 type=1 insize=1673 outsize=0 kw= pd=UNITY_ENABLE_REFLECTION_BUFFERS UNITY_USE_DITHER_MASK_FOR_ALPHABLENDED_SHADOWS UNITY_PBS_USE_BRDF1 UNITY_SPECCUBE_BOX_PROJECTION UNITY_SPECCUBE_BLENDING UNITY_ENABLE_DETAIL_NORMALMAP SHADER_API_DESKTOP UNITY_COLORSPACE_GAMMA UNITY_LIGHT_PROBE_PROXY_VOLUME UNITY_LIGHTMAP_FULL_HDR ok=1
Cmd: compileSnippet
  api=15 type=0 insize=5657 outsize=8555 kw=OUTLINE_ON UNDERLAY_ON pd=UNITY_ENABLE_REFLECTION_BUFFERS UNITY_USE_DITHER_MASK_FOR_ALPHABLENDED_SHADOWS UNITY_PBS_USE_BRDF1 UNITY_SPECCUBE_BOX_PROJECTION UNITY_SPECCUBE_BLENDING UNITY_ENABLE_DETAIL_NORMALMAP SHADER_API_DESKTOP UNITY_COLORSPACE_GAMMA UNITY_LIGHT_PROBE_PROXY_VOLUME UNITY_LIGHTMAP_FULL_HDR ok=1
Cmd: compileSnippet
  api=15 type=1 insize=5657 outsize=0 kw=OUTLINE_ON UNDERLAY_ON pd=UNITY_ENABLE_REFLECTION_BUFFERS UNITY_USE_DITHER_MASK_FOR_ALPHABLENDED_SHADOWS UNITY_PBS_USE_BRDF1 UNITY_SPECCUBE_BOX_PROJECTION UNITY_SPECCUBE_BLENDING UNITY_ENABLE_DETAIL_NORMALMAP SHADER_API_DESKTOP UNITY_COLORSPACE_GAMMA UNITY_LIGHT_PROBE_PROXY_VOLUME UNITY_LIGHTMAP_FULL_HDR ok=1
Cmd: compileSnippet
  api=15 type=0 insize=5657 outsize=6661 kw=OUTLINE_ON pd=UNITY_ENABLE_REFLECTION_BUFFERS UNITY_USE_DITHER_MASK_FOR_ALPHABLENDED_SHADOWS UNITY_PBS_USE_BRDF1 UNITY_SPECCUBE_BOX_PROJECTION UNITY_SPECCUBE_BLENDING UNITY_ENABLE_DETAIL_NORMALMAP SHADER_API_DESKTOP UNITY_COLORSPACE_GAMMA UNITY_LIGHT_PROBE_PROXY_VOLUME UNITY_LIGHTMAP_FULL_HDR ok=1
Cmd: compileSnippet
  api=15 type=1 insize=5657 outsize=0 kw=OUTLINE_ON pd=UNITY_ENABLE_REFLECTION_BUFFERS UNITY_USE_DITHER_MASK_FOR_ALPHABLENDED_SHADOWS UNITY_PBS_USE_BRDF1 UNITY_SPECCUBE_BOX_PROJECTION UNITY_SPECCUBE_BLENDING UNITY_ENABLE_DETAIL_NORMALMAP SHADER_API_DESKTOP UNITY_COLORSPACE_GAMMA UNITY_LIGHT_PROBE_PROXY_VOLUME UNITY_LIGHTMAP_FULL_HDR ok=1
Cmd: compileSnippet
  api=15 type=0 insize=1460 outsize=10789 kw=UNITY_PASS_FORWARDADD DIRECTIONAL _NORMALMAP _METALLICGLOSSMAP pd=UNITY_ENABLE_REFLECTION_BUFFERS UNITY_USE_DITHER_MASK_FOR_ALPHABLENDED_SHADOWS UNITY_PBS_USE_BRDF1 UNITY_SPECCUBE_BOX_PROJECTION UNITY_SPECCUBE_BLENDING UNITY_ENABLE_DETAIL_NORMALMAP SHADER_API_DESKTOP UNITY_COLORSPACE_GAMMA UNITY_LIGHT_PROBE_PROXY_VOLUME UNITY_LIGHTMAP_FULL_HDR ok=1
Cmd: compileSnippet
  api=15 type=1 insize=1460 outsize=0 kw=UNITY_PASS_FORWARDADD DIRECTIONAL _NORMALMAP _METALLICGLOSSMAP pd=UNITY_ENABLE_REFLECTION_BUFFERS UNITY_USE_DITHER_MASK_FOR_ALPHABLENDED_SHADOWS UNITY_PBS_USE_BRDF1 UNITY_SPECCUBE_BOX_PROJECTION UNITY_SPECCUBE_BLENDING UNITY_ENABLE_DETAIL_NORMALMAP SHADER_API_DESKTOP UNITY_COLORSPACE_GAMMA UNITY_LIGHT_PROBE_PROXY_VOLUME UNITY_LIGHTMAP_FULL_HDR ok=1
Cmd: compileSnippet
  api=15 type=0 insize=1460 outsize=10631 kw=UNITY_PASS_FORWARDADD DIRECTIONAL _NORMALMAP pd=UNITY_ENABLE_REFLECTION_BUFFERS UNITY_USE_DITHER_MASK_FOR_ALPHABLENDED_SHADOWS UNITY_PBS_USE_BRDF1 UNITY_SPECCUBE_BOX_PROJECTION UNITY_SPECCUBE_BLENDING UNITY_ENABLE_DETAIL_NORMALMAP SHADER_API_DESKTOP UNITY_COLORSPACE_GAMMA UNITY_LIGHT_PROBE_PROXY_VOLUME UNITY_LIGHTMAP_FULL_HDR ok=1
Cmd: compileSnippet
  api=15 type=1 insize=1460 outsize=0 kw=UNITY_PASS_FORWARDADD DIRECTIONAL _NORMALMAP pd=UNITY_ENABLE_REFLECTION_BUFFERS UNITY_USE_DITHER_MASK_FOR_ALPHABLENDED_SHADOWS UNITY_PBS_USE_BRDF1 UNITY_SPECCUBE_BOX_PROJECTION UNITY_SPECCUBE_BLENDING UNITY_ENABLE_DETAIL_NORMALMAP SHADER_API_DESKTOP UNITY_COLORSPACE_GAMMA UNITY_LIGHT_PROBE_PROXY_VOLUME UNITY_LIGHTMAP_FULL_HDR ok=1
Cmd: compileSnippet
  api=15 type=0 insize=2295 outsize=2557 kw= pd=UNITY_ENABLE_REFLECTION_BUFFERS UNITY_USE_DITHER_MASK_FOR_ALPHABLENDED_SHADOWS UNITY_PBS_USE_BRDF1 UNITY_SPECCUBE_BOX_PROJECTION UNITY_SPECCUBE_BLENDING UNITY_ENABLE_DETAIL_NORMALMAP SHADER_API_DESKTOP UNITY_COLORSPACE_GAMMA UNITY_LIGHT_PROBE_PROXY_VOLUME UNITY_LIGHTMAP_FULL_HDR ok=1
Cmd: compileSnippet
  api=15 type=1 insize=2295 outsize=0 kw= pd=UNITY_ENABLE_REFLECTION_BUFFERS UNITY_USE_DITHER_MASK_FOR_ALPHABLENDED_SHADOWS UNITY_PBS_USE_BRDF1 UNITY_SPECCUBE_BOX_PROJECTION UNITY_SPECCUBE_BLENDING UNITY_ENABLE_DETAIL_NORMALMAP SHADER_API_DESKTOP UNITY_COLORSPACE_GAMMA UNITY_LIGHT_PROBE_PROXY_VOLUME UNITY_LIGHTMAP_FULL_HDR ok=1
