Base path: '/Applications/Unity/Hub/Editor/2019.3.13f1/Unity.app/Contents', plugins path '/Applications/Unity/Hub/Editor/2019.3.13f1/PlaybackEngines'
Cmd: initializeCompiler
Cmd: compileComputeKernel
  api=14 insize=66851 outsize=4002 ok=1
Cmd: compileComputeKernel
  api=14 insize=66851 outsize=4980 ok=1
Cmd: compileComputeKernel
  api=14 insize=66851 outsize=5280 ok=1
Cmd: compileComputeKernel
  api=14 insize=66851 outsize=3711 ok=1
Cmd: compileComputeKernel
  api=14 insize=66851 outsize=4763 ok=1
Cmd: compileComputeKernel
  api=14 insize=66851 outsize=3766 ok=1
Cmd: compileComputeKernel
  api=14 insize=66851 outsize=3621 ok=1
Cmd: compileComputeKernel
  api=14 insize=66851 outsize=3621 ok=1
Cmd: compileComputeKernel
  api=14 insize=66851 outsize=3821 ok=1
Cmd: compileComputeKernel
  api=14 insize=66851 outsize=4161 ok=1
Cmd: compileComputeKernel
  api=14 insize=66851 outsize=3563 ok=1
Cmd: compileComputeKernel
  api=14 insize=66851 outsize=3933 ok=1
Cmd: compileComputeKernel
  api=14 insize=66851 outsize=5611 ok=1
Cmd: compileComputeKernel
  api=14 insize=66851 outsize=3419 ok=1
Cmd: compileComputeKernel
  api=14 insize=66851 outsize=3416 ok=1
Cmd: compileComputeKernel
  api=14 insize=66851 outsize=3442 ok=1
Cmd: compileComputeKernel
  api=14 insize=66851 outsize=3763 ok=1
Cmd: compileComputeKernel
  api=14 insize=66851 outsize=3652 ok=1
Cmd: compileComputeKernel
  api=14 insize=66851 outsize=3453 ok=1
Cmd: compileComputeKernel
  api=14 insize=66851 outsize=3491 ok=1
Cmd: compileComputeKernel
  api=14 insize=66851 outsize=3679 ok=1
Cmd: compileComputeKernel
  api=14 insize=66851 outsize=3443 ok=1
Cmd: compileComputeKernel
  api=14 insize=66851 outsize=3909 ok=1
Cmd: compileComputeKernel
  api=14 insize=66851 outsize=3496 ok=1
Cmd: compileComputeKernel
  api=14 insize=66851 outsize=4055 ok=1
Cmd: compileComputeKernel
  api=14 insize=66851 outsize=4051 ok=1
Cmd: compileComputeKernel
  api=14 insize=66851 outsize=4051 ok=1
Cmd: compileComputeKernel
  api=14 insize=66851 outsize=4051 ok=1
Cmd: compileComputeKernel
  api=14 insize=66851 outsize=4083 ok=1
Cmd: compileComputeKernel
  api=14 insize=66851 outsize=4080 ok=1
Cmd: compileComputeKernel
  api=14 insize=66851 outsize=4229 ok=1
Cmd: compileComputeKernel
  api=14 insize=66851 outsize=4230 ok=1
Cmd: compileComputeKernel
  api=14 insize=66851 outsize=3458 ok=1
Cmd: compileComputeKernel
  api=14 insize=66851 outsize=3473 ok=1
Cmd: compileComputeKernel
  api=14 insize=66851 outsize=3474 ok=1
Cmd: compileComputeKernel
  api=14 insize=66851 outsize=5052 ok=1
Cmd: compileComputeKernel
  api=14 insize=66851 outsize=3726 ok=1
Cmd: compileComputeKernel
  api=14 insize=66851 outsize=3912 ok=1
Cmd: compileComputeKernel
  api=14 insize=66851 outsize=3559 ok=1
Cmd: compileComputeKernel
  api=14 insize=66851 outsize=3053 ok=1
Cmd: compileComputeKernel
  api=14 insize=66851 outsize=3514 ok=1
Cmd: translateComputeKernel
  api=14 insize=5653 outsize=7627 ok=1
Cmd: translateComputeKernel
  api=14 insize=5502 outsize=6942 ok=1
Cmd: translateComputeKernel
  api=14 insize=5802 outsize=8122 ok=1
Cmd: translateComputeKernel
  api=14 insize=5263 outsize=6053 ok=1
Cmd: translateComputeKernel
  api=14 insize=4447 outsize=4592 ok=1
Cmd: translateComputeKernel
  api=14 insize=5447 outsize=6420 ok=1
Cmd: translateComputeKernel
  api=14 insize=4273 outsize=4201 ok=1
Cmd: translateComputeKernel
  api=14 insize=4273 outsize=4211 ok=1
Cmd: translateComputeKernel
  api=14 insize=4245 outsize=4249 ok=1
Cmd: translateComputeKernel
  api=14 insize=4443 outsize=4545 ok=1
Cmd: translateComputeKernel
  api=14 insize=4806 outsize=5750 ok=1
Cmd: translateComputeKernel
  api=14 insize=4308 outsize=4467 ok=1
Cmd: translateComputeKernel
  api=14 insize=4548 outsize=4753 ok=1
Cmd: translateComputeKernel
  api=14 insize=4364 outsize=4337 ok=1
Cmd: translateComputeKernel
  api=14 insize=4137 outsize=3963 ok=1
Cmd: translateComputeKernel
  api=14 insize=4100 outsize=3919 ok=1
Cmd: translateComputeKernel
  api=14 insize=4100 outsize=3917 ok=1
Cmd: translateComputeKernel
  api=14 insize=4098 outsize=3923 ok=1
Cmd: translateComputeKernel
  api=14 insize=4182 outsize=4052 ok=1
Cmd: translateComputeKernel
  api=14 insize=4495 outsize=4578 ok=1
Cmd: translateComputeKernel
  api=14 insize=4196 outsize=4038 ok=1
Cmd: translateComputeKernel
  api=14 insize=4228 outsize=4157 ok=1
Cmd: translateComputeKernel
  api=14 insize=4707 outsize=5180 ok=1
Cmd: translateComputeKernel
  api=14 insize=4124 outsize=3960 ok=1
Cmd: translateComputeKernel
  api=14 insize=4097 outsize=3921 ok=1
Cmd: translateComputeKernel
  api=14 insize=4560 outsize=4688 ok=1
Cmd: translateComputeKernel
  api=14 insize=4149 outsize=3962 ok=1
Cmd: translateComputeKernel
  api=14 insize=4702 outsize=5292 ok=1
Cmd: translateComputeKernel
  api=14 insize=4698 outsize=5289 ok=1
Cmd: translateComputeKernel
  api=14 insize=4698 outsize=5293 ok=1
Cmd: translateComputeKernel
  api=14 insize=4698 outsize=5293 ok=1
Cmd: translateComputeKernel
  api=14 insize=4730 outsize=5335 ok=1
Cmd: translateComputeKernel
  api=14 insize=4727 outsize=5332 ok=1
Cmd: translateComputeKernel
  api=14 insize=4728 outsize=5334 ok=1
Cmd: translateComputeKernel
  api=14 insize=4876 outsize=5583 ok=1
Cmd: translateComputeKernel
  api=14 insize=4877 outsize=5584 ok=1
Cmd: translateComputeKernel
  api=14 insize=4154 outsize=4085 ok=1
Cmd: translateComputeKernel
  api=14 insize=4114 outsize=3981 ok=1
Cmd: translateComputeKernel
  api=14 insize=4729 outsize=5149 ok=1
Cmd: translateComputeKernel
  api=14 insize=6064 outsize=7766 ok=1
Cmd: translateComputeKernel
  api=14 insize=4234 outsize=4115 ok=1
Cmd: translateComputeKernel
  api=14 insize=4565 outsize=4708 ok=1
Cmd: translateComputeKernel
  api=14 insize=4181 outsize=4023 ok=1
Cmd: translateComputeKernel
  api=14 insize=3734 outsize=3168 ok=1
Cmd: translateComputeKernel
  api=14 insize=4195 outsize=4117 ok=1
Cmd: compileComputeKernel
  api=14 insize=33997 outsize=2149 ok=1
Cmd: compileComputeKernel
  api=14 insize=33997 outsize=1150 ok=1
Cmd: compileComputeKernel
  api=14 insize=33997 outsize=1151 ok=1
Cmd: compileComputeKernel
  api=14 insize=33997 outsize=2154 ok=1
Cmd: compileComputeKernel
  api=14 insize=33997 outsize=2183 ok=1
Cmd: compileComputeKernel
  api=14 insize=33997 outsize=2409 ok=1
Cmd: compileComputeKernel
  api=14 insize=33997 outsize=2477 ok=1
Cmd: compileComputeKernel
  api=14 insize=33997 outsize=1305 ok=1
Cmd: compileComputeKernel
  api=14 insize=33997 outsize=2495 ok=1
Cmd: compileComputeKernel
  api=14 insize=33997 outsize=2173 ok=1
Cmd: compileComputeKernel
  api=14 insize=33997 outsize=1205 ok=1
Cmd: compileComputeKernel
  api=14 insize=33997 outsize=2146 ok=1
Cmd: compileComputeKernel
  api=14 insize=33997 outsize=2303 ok=1
Cmd: compileComputeKernel
  api=14 insize=33997 outsize=2283 ok=1
Cmd: compileComputeKernel
  api=14 insize=33997 outsize=2542 ok=1
Cmd: compileComputeKernel
  api=14 insize=33997 outsize=2741 ok=1
Cmd: compileComputeKernel
  api=14 insize=33997 outsize=2770 ok=1
Cmd: compileComputeKernel
  api=14 insize=33997 outsize=2644 ok=1
Cmd: compileComputeKernel
  api=14 insize=33997 outsize=2996 ok=1
Cmd: compileComputeKernel
  api=14 insize=33997 outsize=2969 ok=1
Cmd: compileComputeKernel
  api=14 insize=33997 outsize=2818 ok=1
Cmd: compileComputeKernel
  api=14 insize=33997 outsize=2835 ok=1
Cmd: compileComputeKernel
  api=14 insize=33997 outsize=2937 ok=1
Cmd: compileComputeKernel
  api=14 insize=33997 outsize=2808 ok=1
Cmd: compileComputeKernel
  api=14 insize=33997 outsize=2760 ok=1
Cmd: compileComputeKernel
  api=14 insize=33997 outsize=2720 ok=1
Cmd: compileComputeKernel
  api=14 insize=33997 outsize=2733 ok=1
Cmd: compileComputeKernel
  api=14 insize=33997 outsize=2841 ok=1
Cmd: compileComputeKernel
  api=14 insize=33997 outsize=3103 ok=1
Cmd: compileComputeKernel
  api=14 insize=33997 outsize=2836 ok=1
Cmd: translateComputeKernel
  api=14 insize=2404 outsize=2355 ok=1
Cmd: translateComputeKernel
  api=14 insize=1403 outsize=1441 ok=1
Cmd: translateComputeKernel
  api=14 insize=1409 outsize=1475 ok=1
Cmd: translateComputeKernel
  api=14 insize=2349 outsize=2249 ok=1
Cmd: translateComputeKernel
  api=14 insize=2438 outsize=2399 ok=1
Cmd: translateComputeKernel
  api=14 insize=2577 outsize=2558 ok=1
Cmd: translateComputeKernel
  api=14 insize=2637 outsize=2702 ok=1
Cmd: translateComputeKernel
  api=14 insize=2420 outsize=2357 ok=1
Cmd: translateComputeKernel
  api=14 insize=2694 outsize=2769 ok=1
Cmd: translateComputeKernel
  api=14 insize=2368 outsize=2280 ok=1
Cmd: translateComputeKernel
  api=14 insize=2368 outsize=2281 ok=1
Cmd: translateComputeKernel
  api=14 insize=2502 outsize=2517 ok=1
Cmd: translateComputeKernel
  api=14 insize=2443 outsize=2424 ok=1
Cmd: translateComputeKernel
  api=14 insize=2703 outsize=2895 ok=1
Cmd: translateComputeKernel
  api=14 insize=2902 outsize=3514 ok=1
Cmd: translateComputeKernel
  api=14 insize=2954 outsize=3410 ok=1
Cmd: translateComputeKernel
  api=14 insize=3527 outsize=4625 ok=1
Cmd: translateComputeKernel
  api=14 insize=3058 outsize=3747 ok=1
Cmd: translateComputeKernel
  api=14 insize=3130 outsize=3823 ok=1
Cmd: translateComputeKernel
  api=14 insize=2979 outsize=3629 ok=1
Cmd: translateComputeKernel
  api=14 insize=2973 outsize=3622 ok=1
Cmd: translateComputeKernel
  api=14 insize=3068 outsize=3606 ok=1
Cmd: translateComputeKernel
  api=14 insize=2939 outsize=3582 ok=1
Cmd: translateComputeKernel
  api=14 insize=2921 outsize=3545 ok=1
Cmd: translateComputeKernel
  api=14 insize=2881 outsize=3520 ok=1
Cmd: translateComputeKernel
  api=14 insize=2854 outsize=3484 ok=1
Cmd: translateComputeKernel
  api=14 insize=2909 outsize=3557 ok=1
Cmd: translateComputeKernel
  api=14 insize=3251 outsize=3962 ok=1
Cmd: translateComputeKernel
  api=14 insize=2938 outsize=3568 ok=1
Cmd: compileComputeKernel
  api=14 insize=74993 outsize=9312 ok=1
Cmd: compileComputeKernel
  api=14 insize=74993 outsize=26977 ok=1
Cmd: compileComputeKernel
  api=14 insize=74993 outsize=32678 ok=1
Cmd: compileComputeKernel
  api=14 insize=74993 outsize=5593 ok=1
Cmd: compileComputeKernel
  api=14 insize=74993 outsize=5593 ok=1
Cmd: compileComputeKernel
  api=14 insize=74993 outsize=4353 ok=1
Cmd: compileComputeKernel
  api=14 insize=74993 outsize=4353 ok=1
Cmd: compileComputeKernel
  api=14 insize=74993 outsize=5014 ok=1
Cmd: compileComputeKernel
  api=14 insize=74993 outsize=5014 ok=1
Cmd: compileComputeKernel
  api=14 insize=74993 outsize=3245 ok=1
Cmd: compileComputeKernel
  api=14 insize=74993 outsize=14212 ok=1
Cmd: translateComputeKernel
  api=14 insize=9142 outsize=17892 ok=1
Cmd: translateComputeKernel
  api=14 insize=12735 outsize=22884 ok=1
Cmd: translateComputeKernel
  api=14 insize=27396 outsize=57801 ok=1
Cmd: translateComputeKernel
  api=14 insize=32712 outsize=65154 ok=1
Cmd: translateComputeKernel
  api=14 insize=3078 outsize=3738 ok=1
Cmd: translateComputeKernel
  api=14 insize=3482 outsize=4733 ok=1
Cmd: translateComputeKernel
  api=14 insize=6831 outsize=10749 ok=1
Cmd: translateComputeKernel
  api=14 insize=14277 outsize=27537 ok=1

Quitting shader compiler process
