Base path: '/Applications/Unity/Hub/Editor/2019.3.12f1/Unity.app/Contents', plugins path '/Applications/Unity/Hub/Editor/2019.3.12f1/Unity.app/Contents/PlaybackEngines'
Cmd: initializeCompiler
Cmd: compileSnippet
  api=15 type=1 insize=1602 outsize=0 kw=UNITY_PASS_FORWARDBASE DIRECTIONAL LIGHTPROBE_SH _EMISSION _NORMALMAP pd=UNITY_ENABLE_REFLECTION_BUFFERS UNITY_USE_DITHER_MASK_FOR_ALPHABLENDED_SHADOWS UNITY_PBS_USE_BRDF1 UNITY_SPECCUBE_BOX_PROJECTION UNITY_SPECCUBE_BLENDING UNITY_ENABLE_DETAIL_NORMALMAP SHADER_API_DESKTOP UNITY_COLORSPACE_GAMMA UNITY_LIGHT_PROBE_PROXY_VOLUME UNITY_LIGHTMAP_FULL_HDR ok=1
Cmd: initializeCompiler
Cmd: compileComputeKernel
  api=14 insize=12081 outsize=3227 ok=1
Cmd: compileComputeKernel
  api=14 insize=12081 outsize=2827 ok=1
Cmd: compileComputeKernel
  api=14 insize=12081 outsize=3648 ok=1
Cmd: compileComputeKernel
  api=14 insize=12081 outsize=3203 ok=1
Cmd: compileComputeKernel
  api=14 insize=12081 outsize=3842 ok=1
Cmd: translateComputeKernel
  api=14 insize=3038 outsize=3190 ok=1
Cmd: translateComputeKernel
  api=14 insize=2985 outsize=3115 ok=1
Cmd: translateComputeKernel
  api=14 insize=3773 outsize=4536 ok=1
Cmd: translateComputeKernel
  api=14 insize=4522 outsize=5936 ok=1
Cmd: translateComputeKernel
  api=14 insize=3256 outsize=3567 ok=1
Cmd: compileComputeKernel
  api=14 insize=12124 outsize=3107 ok=1
Cmd: compileComputeKernel
  api=14 insize=12124 outsize=3103 ok=1
Cmd: compileComputeKernel
  api=14 insize=12124 outsize=3103 ok=1
Cmd: compileComputeKernel
  api=14 insize=12124 outsize=3103 ok=1
Cmd: compileComputeKernel
  api=14 insize=12124 outsize=3135 ok=1
Cmd: compileComputeKernel
  api=14 insize=12124 outsize=3132 ok=1
Cmd: compileComputeKernel
  api=14 insize=12124 outsize=3133 ok=1
Cmd: compileComputeKernel
  api=14 insize=12124 outsize=3282 ok=1
Cmd: translateComputeKernel
  api=14 insize=3177 outsize=4474 ok=1
Cmd: translateComputeKernel
  api=14 insize=3173 outsize=4471 ok=1
Cmd: translateComputeKernel
  api=14 insize=3613 outsize=5266 ok=1
Cmd: translateComputeKernel
  api=14 insize=3258 outsize=4613 ok=1
Cmd: translateComputeKernel
  api=14 insize=3205 outsize=4517 ok=1
Cmd: translateComputeKernel
  api=14 insize=3202 outsize=4514 ok=1
Cmd: translateComputeKernel
  api=14 insize=3203 outsize=4516 ok=1
Cmd: translateComputeKernel
  api=14 insize=3351 outsize=4765 ok=1
Cmd: translateComputeKernel
  api=14 insize=3352 outsize=4766 ok=1
Cmd: compileComputeKernel
  api=14 insize=19771 outsize=3693 ok=1
Cmd: compileComputeKernel
  api=14 insize=19771 outsize=4819 ok=1
Cmd: compileComputeKernel
  api=14 insize=19771 outsize=4804 ok=1
Cmd: compileComputeKernel
  api=14 insize=19771 outsize=7377 ok=1
Cmd: translateComputeKernel
  api=14 insize=3795 outsize=5146 ok=1
Cmd: translateComputeKernel
  api=14 insize=5017 outsize=8334 ok=1
Cmd: translateComputeKernel
  api=14 insize=4885 outsize=8154 ok=1
Cmd: translateComputeKernel
  api=14 insize=7227 outsize=12471 ok=1
Cmd: compileComputeKernel
  api=14 insize=59196 outsize=5166 ok=1
Cmd: compileComputeKernel
  api=14 insize=59196 outsize=4976 ok=1
Cmd: compileComputeKernel
  api=14 insize=59196 outsize=5276 ok=1
Cmd: compileComputeKernel
  api=14 insize=59196 outsize=3707 ok=1
Cmd: compileComputeKernel
  api=14 insize=59196 outsize=4759 ok=1
Cmd: compileComputeKernel
  api=14 insize=59196 outsize=3817 ok=1
Cmd: compileComputeKernel
  api=14 insize=59196 outsize=4157 ok=1
Cmd: compileComputeKernel
  api=14 insize=59196 outsize=3535 ok=1
Cmd: compileComputeKernel
  api=14 insize=59196 outsize=3775 ok=1
Cmd: compileComputeKernel
  api=14 insize=59196 outsize=5607 ok=1
Cmd: compileComputeKernel
  api=14 insize=59196 outsize=3415 ok=1
Cmd: compileComputeKernel
  api=14 insize=59196 outsize=3497 ok=1
Cmd: compileComputeKernel
  api=14 insize=59196 outsize=3810 ok=1
Cmd: compileComputeKernel
  api=14 insize=59196 outsize=3449 ok=1
Cmd: compileComputeKernel
  api=14 insize=59196 outsize=3573 ok=1
Cmd: compileComputeKernel
  api=14 insize=59196 outsize=3675 ok=1
Cmd: compileComputeKernel
  api=14 insize=59196 outsize=3439 ok=1
Cmd: compileComputeKernel
  api=14 insize=59196 outsize=3412 ok=1
Cmd: compileComputeKernel
  api=14 insize=59196 outsize=3515 ok=1
Cmd: compileComputeKernel
  api=14 insize=59196 outsize=3708 ok=1
Cmd: compileComputeKernel
  api=14 insize=59196 outsize=4051 ok=1
Cmd: compileComputeKernel
  api=14 insize=59196 outsize=4047 ok=1
Cmd: compileComputeKernel
  api=14 insize=59196 outsize=4047 ok=1
Cmd: compileComputeKernel
  api=14 insize=59196 outsize=4202 ok=1
Cmd: compileComputeKernel
  api=14 insize=59196 outsize=4084 ok=1
Cmd: compileComputeKernel
  api=14 insize=59196 outsize=4081 ok=1
Cmd: compileComputeKernel
  api=14 insize=59196 outsize=4225 ok=1
Cmd: compileComputeKernel
  api=14 insize=59196 outsize=4226 ok=1
Cmd: compileComputeKernel
  api=14 insize=59196 outsize=3454 ok=1
Cmd: compileComputeKernel
  api=14 insize=59196 outsize=3429 ok=1
Cmd: compileComputeKernel
  api=14 insize=59196 outsize=3474 ok=1
Cmd: compileComputeKernel
  api=14 insize=59196 outsize=4290 ok=1
Cmd: compileComputeKernel
  api=14 insize=59196 outsize=3722 ok=1
Cmd: compileComputeKernel
  api=14 insize=59196 outsize=3908 ok=1
Cmd: compileComputeKernel
  api=14 insize=59196 outsize=3555 ok=1
Cmd: translateComputeKernel
  api=14 insize=4540 outsize=4705 ok=1
Cmd: translateComputeKernel
  api=14 insize=14349 outsize=24680 ok=1
Cmd: translateComputeKernel
  api=14 insize=4544 outsize=4753 ok=1
Cmd: translateComputeKernel
  api=14 insize=4544 outsize=4753 ok=1
Cmd: translateComputeKernel
  api=14 insize=4360 outsize=4337 ok=1
Cmd: translateComputeKernel
  api=14 insize=4360 outsize=4337 ok=1
Cmd: translateComputeKernel
  api=14 insize=4133 outsize=3963 ok=1
Cmd: translateComputeKernel
  api=14 insize=4133 outsize=3963 ok=1
Cmd: translateComputeKernel
  api=14 insize=4096 outsize=3917 ok=1
Cmd: translateComputeKernel
  api=14 insize=4178 outsize=4052 ok=1
Cmd: translateComputeKernel
  api=14 insize=4491 outsize=4578 ok=1
Cmd: translateComputeKernel
  api=14 insize=4329 outsize=4266 ok=1
Cmd: translateComputeKernel
  api=14 insize=4130 outsize=3963 ok=1
Cmd: translateComputeKernel
  api=14 insize=4224 outsize=4157 ok=1
Cmd: translateComputeKernel
  api=14 insize=4703 outsize=5180 ok=1
Cmd: translateComputeKernel
  api=14 insize=4297 outsize=4212 ok=1
Cmd: translateComputeKernel
  api=14 insize=4120 outsize=3961 ok=1
Cmd: translateComputeKernel
  api=14 insize=4556 outsize=4688 ok=1
Cmd: translateComputeKernel
  api=14 insize=4145 outsize=3952 ok=1
Cmd: translateComputeKernel
  api=14 insize=4694 outsize=5289 ok=1
Cmd: translateComputeKernel
  api=14 insize=4694 outsize=5289 ok=1
Cmd: translateComputeKernel
  api=14 insize=4694 outsize=5289 ok=1
Cmd: translateComputeKernel
  api=14 insize=4694 outsize=5293 ok=1
Cmd: translateComputeKernel
  api=14 insize=4694 outsize=5293 ok=1
Cmd: translateComputeKernel
  api=14 insize=4726 outsize=5335 ok=1
Cmd: translateComputeKernel
  api=14 insize=4723 outsize=5332 ok=1
Cmd: translateComputeKernel
  api=14 insize=4728 outsize=5338 ok=1
Cmd: translateComputeKernel
  api=14 insize=4873 outsize=5583 ok=1
Cmd: translateComputeKernel
  api=14 insize=4873 outsize=5584 ok=1
Cmd: translateComputeKernel
  api=14 insize=4110 outsize=3996 ok=1
Cmd: translateComputeKernel
  api=14 insize=4110 outsize=3981 ok=1
Cmd: translateComputeKernel
  api=14 insize=4151 outsize=4070 ok=1
Cmd: translateComputeKernel
  api=14 insize=4877 outsize=5496 ok=1
Cmd: translateComputeKernel
  api=14 insize=6060 outsize=7766 ok=1
Cmd: translateComputeKernel
  api=14 insize=4317 outsize=4329 ok=1
Cmd: translateComputeKernel
  api=14 insize=4561 outsize=4708 ok=1
Cmd: translateComputeKernel
  api=14 insize=4177 outsize=4013 ok=1
Cmd: translateComputeKernel
  api=14 insize=5380 outsize=6580 ok=1
Cmd: compileComputeKernel
  api=14 insize=73605 outsize=4093 ok=1
Cmd: compileComputeKernel
  api=14 insize=73605 outsize=9225 ok=1
Cmd: compileComputeKernel
  api=14 insize=73605 outsize=7498 ok=1
Cmd: compileComputeKernel
  api=14 insize=73605 outsize=8160 ok=1
Cmd: translateComputeKernel
  api=14 insize=14006 outsize=26941 ok=1
Cmd: translateComputeKernel
  api=14 insize=9225 outsize=18335 ok=1
Cmd: translateComputeKernel
  api=14 insize=7531 outsize=13602 ok=1
Cmd: compileComputeKernel
  api=14 insize=33531 outsize=2244 ok=1
Cmd: compileComputeKernel
  api=14 insize=33531 outsize=2249 ok=1
Cmd: compileComputeKernel
  api=14 insize=33531 outsize=2542 ok=1
Cmd: compileComputeKernel
  api=14 insize=33531 outsize=2382 ok=1
Cmd: compileComputeKernel
  api=14 insize=33531 outsize=1319 ok=1
Cmd: compileComputeKernel
  api=14 insize=33531 outsize=2340 ok=1
Cmd: compileComputeKernel
  api=14 insize=33531 outsize=2221 ok=1
Cmd: compileComputeKernel
  api=14 insize=33531 outsize=1205 ok=1
Cmd: compileComputeKernel
  api=14 insize=33531 outsize=2268 ok=1
Cmd: compileComputeKernel
  api=14 insize=33531 outsize=2303 ok=1
Cmd: compileComputeKernel
  api=14 insize=33531 outsize=2249 ok=1
Cmd: compileComputeKernel
  api=14 insize=33531 outsize=2764 ok=1
Cmd: compileComputeKernel
  api=14 insize=33531 outsize=2730 ok=1
Cmd: compileComputeKernel
  api=14 insize=33531 outsize=3019 ok=1
Cmd: compileComputeKernel
  api=14 insize=33531 outsize=2992 ok=1
Cmd: compileComputeKernel
  api=14 insize=33531 outsize=2929 ok=1
Cmd: compileComputeKernel
  api=14 insize=33531 outsize=2778 ok=1
Cmd: compileComputeKernel
  api=14 insize=33531 outsize=2792 ok=1
Cmd: compileComputeKernel
  api=14 insize=33531 outsize=2914 ok=1
Cmd: compileComputeKernel
  api=14 insize=33531 outsize=2831 ok=1
Cmd: compileComputeKernel
  api=14 insize=33531 outsize=2783 ok=1
Cmd: compileComputeKernel
  api=14 insize=33531 outsize=2783 ok=1
Cmd: compileComputeKernel
  api=14 insize=33531 outsize=2756 ok=1
Cmd: compileComputeKernel
  api=14 insize=33531 outsize=2841 ok=1
Cmd: compileComputeKernel
  api=14 insize=33531 outsize=3103 ok=1
Cmd: compileComputeKernel
  api=14 insize=33531 outsize=2859 ok=1
Cmd: translateComputeKernel
  api=14 insize=2347 outsize=2265 ok=1
Cmd: translateComputeKernel
  api=14 insize=2407 outsize=2377 ok=1
Cmd: translateComputeKernel
  api=14 insize=2378 outsize=2283 ok=1
Cmd: translateComputeKernel
  api=14 insize=2703 outsize=2895 ok=1
Cmd: translateComputeKernel
  api=14 insize=2577 outsize=2558 ok=1
Cmd: translateComputeKernel
  api=14 insize=2426 outsize=2364 ok=1
Cmd: translateComputeKernel
  api=14 insize=2440 outsize=2350 ok=1
Cmd: translateComputeKernel
  api=14 insize=2694 outsize=2769 ok=1
Cmd: translateComputeKernel
  api=14 insize=2446 outsize=2433 ok=1
Cmd: translateComputeKernel
  api=14 insize=2428 outsize=2396 ok=1
Cmd: translateComputeKernel
  api=14 insize=2341 outsize=2245 ok=1
Cmd: translateComputeKernel
  api=14 insize=2502 outsize=2517 ok=1
Cmd: translateComputeKernel
  api=14 insize=1481 outsize=1562 ok=1
Cmd: translateComputeKernel
  api=14 insize=2925 outsize=3372 ok=1
Cmd: translateComputeKernel
  api=14 insize=2954 outsize=3410 ok=1
Cmd: translateComputeKernel
  api=14 insize=2891 outsize=3522 ok=1
Cmd: translateComputeKernel
  api=14 insize=3121 outsize=3659 ok=1
Cmd: translateComputeKernel
  api=14 insize=3153 outsize=3713 ok=1
Cmd: translateComputeKernel
  api=14 insize=3090 outsize=3797 ok=1
Cmd: translateComputeKernel
  api=14 insize=2939 outsize=3603 ok=1
Cmd: translateComputeKernel
  api=14 insize=2953 outsize=3589 ok=1
Cmd: translateComputeKernel
  api=14 insize=3045 outsize=3728 ok=1
Cmd: translateComputeKernel
  api=14 insize=2939 outsize=3582 ok=1
Cmd: translateComputeKernel
  api=14 insize=2944 outsize=3407 ok=1
Cmd: translateComputeKernel
  api=14 insize=2921 outsize=3546 ok=1
Cmd: translateComputeKernel
  api=14 insize=2917 outsize=3368 ok=1
Cmd: translateComputeKernel
  api=14 insize=2972 outsize=3449 ok=1
Cmd: translateComputeKernel
  api=14 insize=3264 outsize=3956 ok=1
Cmd: translateComputeKernel
  api=14 insize=2961 outsize=3430 ok=1
Cmd: translateComputeKernel
  api=14 insize=2898 outsize=3542 ok=1
Cmd: compileComputeKernel
  api=14 insize=75191 outsize=9312 ok=1
Cmd: compileComputeKernel
  api=14 insize=75191 outsize=12609 ok=1
Cmd: compileComputeKernel
  api=14 insize=75191 outsize=27362 ok=1
Cmd: compileComputeKernel
  api=14 insize=75191 outsize=25014 ok=1
Cmd: compileComputeKernel
  api=14 insize=75191 outsize=2912 ok=1
Cmd: compileComputeKernel
  api=14 insize=75191 outsize=3365 ok=1
Cmd: compileComputeKernel
  api=14 insize=75191 outsize=3301 ok=1
Cmd: compileComputeKernel
  api=14 insize=75191 outsize=6699 ok=1
Cmd: compileComputeKernel
  api=14 insize=75191 outsize=14212 ok=1
Cmd: translateComputeKernel
  api=14 insize=9142 outsize=17892 ok=1
Cmd: translateComputeKernel
  api=14 insize=12735 outsize=22884 ok=1
Cmd: translateComputeKernel
  api=14 insize=27396 outsize=57801 ok=1
Cmd: translateComputeKernel
  api=14 insize=32712 outsize=65154 ok=1
Cmd: translateComputeKernel
  api=14 insize=13637 outsize=26114 ok=1
Cmd: compileComputeKernel
  api=14 insize=4434 outsize=2858 ok=1
Cmd: compileComputeKernel
  api=14 insize=4434 outsize=2948 ok=1
Cmd: translateComputeKernel
  api=14 insize=2771 outsize=3369 ok=1
Cmd: translateComputeKernel
  api=14 insize=3006 outsize=4071 ok=1
Cmd: compileComputeKernel
  api=14 insize=1898 outsize=4426 ok=1
